proguard/seeds.txt
com.hiwifi.hiwifi.Gl
com.hiwifi.hiwifi.Gl: Gl()
com.hiwifi.hiwifi.R$anim
com.hiwifi.hiwifi.R$anim: int abc_fade_in
com.hiwifi.hiwifi.R$anim: int abc_fade_out
com.hiwifi.hiwifi.R$anim: int abc_slide_in_bottom
com.hiwifi.hiwifi.R$anim: int abc_slide_in_top
com.hiwifi.hiwifi.R$anim: int abc_slide_out_bottom
com.hiwifi.hiwifi.R$anim: int abc_slide_out_top
com.hiwifi.hiwifi.R$anim: int activity_downtoup_out
com.hiwifi.hiwifi.R$anim: int activity_uptodown_in
com.hiwifi.hiwifi.R$anim: int ad_downtoup_out
com.hiwifi.hiwifi.R$anim: int alphaanim
com.hiwifi.hiwifi.R$anim: int arrow_anim_tobottom
com.hiwifi.hiwifi.R$anim: int arrow_anim_toright
com.hiwifi.hiwifi.R$anim: int close_enter
com.hiwifi.hiwifi.R$anim: int close_exit
com.hiwifi.hiwifi.R$anim: int config_item_down
com.hiwifi.hiwifi.R$anim: int config_item_up
com.hiwifi.hiwifi.R$anim: int config_show
com.hiwifi.hiwifi.R$anim: int fade
com.hiwifi.hiwifi.R$anim: int fade_in
com.hiwifi.hiwifi.R$anim: int fade_out
com.hiwifi.hiwifi.R$anim: int guide_bg_in
com.hiwifi.hiwifi.R$anim: int guide_bg_out
com.hiwifi.hiwifi.R$anim: int guide_image_in
com.hiwifi.hiwifi.R$anim: int guide_image_out
com.hiwifi.hiwifi.R$anim: int guide_one_in
com.hiwifi.hiwifi.R$anim: int guide_two_out
com.hiwifi.hiwifi.R$anim: int hold
com.hiwifi.hiwifi.R$anim: int home_dissmiss
com.hiwifi.hiwifi.R$anim: int in
com.hiwifi.hiwifi.R$anim: int lock_anim_in
com.hiwifi.hiwifi.R$anim: int lock_anim_out
com.hiwifi.hiwifi.R$anim: int open_enter
com.hiwifi.hiwifi.R$anim: int open_exit
com.hiwifi.hiwifi.R$anim: int out
com.hiwifi.hiwifi.R$array
com.hiwifi.hiwifi.R$array: int email
com.hiwifi.hiwifi.R$array: int prepare_hippy
com.hiwifi.hiwifi.R$array: int prepare_tips
com.hiwifi.hiwifi.R$array: int stat_ping_result
com.hiwifi.hiwifi.R$array: R$array()
com.hiwifi.hiwifi.R$attr
com.hiwifi.hiwifi.R$attr: int UpMoveBar_background_color
com.hiwifi.hiwifi.R$attr: int UpMoveBar_bar_color
com.hiwifi.hiwifi.R$attr: int UpMoveBar_mask_color
com.hiwifi.hiwifi.R$attr: int WhichSwtich
com.hiwifi.hiwifi.R$attr: int actionBarDivider
com.hiwifi.hiwifi.R$attr: int actionBarItemBackground
com.hiwifi.hiwifi.R$attr: int actionBarSize
com.hiwifi.hiwifi.R$attr: int actionBarSplitStyle
com.hiwifi.hiwifi.R$attr: int actionBarStyle
com.hiwifi.hiwifi.R$attr: int actionBarTabBarStyle
com.hiwifi.hiwifi.R$attr: int actionBarTabStyle
com.hiwifi.hiwifi.R$attr: int actionBarTabTextStyle
com.hiwifi.hiwifi.R$attr: int actionBarWidgetTheme
com.hiwifi.hiwifi.R$attr: int actionButtonStyle
com.hiwifi.hiwifi.R$attr: int actionDropDownStyle
com.hiwifi.hiwifi.R$attr: int actionLayout
com.hiwifi.hiwifi.R$attr: int actionMenuTextAppearance
com.hiwifi.hiwifi.R$attr: int actionMenuTextColor
com.hiwifi.hiwifi.R$attr: int actionModeBackground
com.hiwifi.hiwifi.R$attr: int actionModeCloseButtonStyle
com.hiwifi.hiwifi.R$attr: int actionModeCloseDrawable
com.hiwifi.hiwifi.R$attr: int actionModeCopyDrawable
com.hiwifi.hiwifi.R$attr: int actionModeCutDrawable
com.hiwifi.hiwifi.R$attr: int actionModeFindDrawable
com.hiwifi.hiwifi.R$attr: int actionModePasteDrawable
com.hiwifi.hiwifi.R$attr: int actionModePopupWindowStyle
com.hiwifi.hiwifi.R$attr: int actionModeSelectAllDrawable
com.hiwifi.hiwifi.R$attr: int actionModeShareDrawable
com.hiwifi.hiwifi.R$bool
com.hiwifi.hiwifi.R$bool: int abc_action_bar_embed_tabs_pre_jb
com.hiwifi.hiwifi.R$bool: int abc_action_bar_expanded_action_views_exclusive
com.hiwifi.hiwifi.R$bool: int abc_config_actionMenuItemAllCaps
com.hiwifi.hiwifi.R$bool: int abc_config_allowActionMenuItemTextWithIcon
com.hiwifi.hiwifi.R$bool: int abc_config_showMenuShortcutsWhenKeyboardPresent
com.hiwifi.hiwifi.R$bool: int abc_split_action_bar_is_narrow
com.hiwifi.hiwifi.R$bool: R$bool()
...
android.support.v7.appcompat.R$styleable
android.support.v7.appcompat.R$styleable: int[] ActionBar
android.support.v7.appcompat.R$styleable: int[] ActionBarLayout
android.support.v7.appcompat.R$styleable: int ActionBarLayout_android_layout_gravity
android.support.v7.appcompat.R$styleable: int[] ActionBarWindow
android.support.v7.appcompat.R$styleable: int ActionBarWindow_windowActionBar
android.support.v7.appcompat.R$styleable: int ActionBarWindow_windowActionBarOverlay
android.support.v7.appcompat.R$styleable: int ActionBarWindow_windowSplitActionBar
android.support.v7.appcompat.R$styleable: int ActionBar_background
android.support.v7.appcompat.R$styleable: int ActionBar_backgroundSplit
android.support.v7.appcompat.R$styleable: int ActionBar_backgroundStacked
android.support.v7.appcompat.R$styleable: int ActionBar_customNavigationLayout
android.support.v7.appcompat.R$styleable: int ActionBar_displayOptions
android.support.v7.appcompat.R$styleable: int ActionBar_divider
android.support.v7.appcompat.R$styleable: int ActionBar_height
android.support.v7.appcompat.R$styleable: int ActionBar_homeLayout
android.support.v7.appcompat.R$styleable: int ActionBar_icon
android.support.v7.appcompat.R$styleable: int ActionBar_indeterminateProgressStyle
android.support.v7.appcompat.R$styleable: int ActionBar_itemPadding
android.support.v7.appcompat.R$styleable: int ActionBar_logo
android.support.v7.appcompat.R$styleable: int ActionBar_navigationMode
android.support.v7.internal.view.menu.ActionMenuItemView
android.support.v7.internal.view.menu.ActionMenuItemView: ActionMenuItemView(android.content.Context)
android.support.v7.internal.view.menu.ActionMenuItemView: ActionMenuItemView(android.content.Context,android.util.AttributeSet)
android.support.v7.internal.view.menu.ActionMenuItemView: ActionMenuItemView(android.content.Context,android.util.AttributeSet,int)
android.support.v7.internal.view.menu.ActionMenuPresenter$SavedState
android.support.v7.internal.view.menu.ActionMenuPresenter$SavedState: android.os.Parcelable$Creator CREATOR
android.support.v7.internal.view.menu.ActionMenuView
android.support.v7.internal.view.menu.ActionMenuView: ActionMenuView(android.content.Context)
android.support.v7.internal.view.menu.ActionMenuView: ActionMenuView(android.content.Context,android.util.AttributeSet)
android.support.v7.internal.view.menu.ActionMenuView$LayoutParams
android.support.v7.internal.view.menu.ActionMenuView$LayoutParams: ActionMenuView$LayoutParams(android.content.Context,android.util.AttributeSet)
android.support.v7.internal.view.menu.ExpandedMenuView
android.support.v7.internal.view.menu.ExpandedMenuView: ExpandedMenuView(android.content.Context,android.util.AttributeSet)
android.support.v7.internal.view.menu.ListMenuItemView
android.support.v7.internal.view.menu.ListMenuItemView: ListMenuItemView(android.content.Context,android.util.AttributeSet,int)
android.support.v7.internal.view.menu.ListMenuItemView: ListMenuItemView(android.content.Context,android.util.AttributeSet)
android.support.v7.internal.widget.AbsActionBarView: AbsActionBarView(android.content.Context)
android.support.v7.internal.widget.AbsActionBarView: AbsActionBarView(android.content.Context,android.util.AttributeSet)
android.support.v7.internal.widget.AbsActionBarView: AbsActionBarView(android.content.Context,android.util.AttributeSet,int)
android.support.v7.internal.widget.AbsSpinnerICS$SavedState
android.support.v7.internal.widget.AbsSpinnerICS$SavedState: android.os.Parcelable$Creator CREATOR
android.support.v7.internal.widget.ActionBarContainer
android.support.v7.internal.widget.ActionBarContainer: ActionBarContainer(android.content.Context)
android.support.v7.internal.widget.ActionBarContainer: ActionBarContainer(android.content.Context,android.util.AttributeSet)