proguard/mapping.txt
com.hiwifi.hiwifi.Gl -> com.hiwifi.hiwifi.Gl:
    android.content.Context sContext -> e
    int versionCode -> a
    java.lang.String versionName -> b
    java.lang.String AppName -> c
    com.hiwifi.model.wifi.WifiAdmin mAdmin -> f
    android.graphics.Bitmap userBitmap -> d
    java.util.Map errorMap -> g
    com.hiwifi.support.http.AsyncHttpClient sClient -> h
    com.hiwifi.support.http.SyncHttpClient sSyncHttpClient -> i
    java.lang.String channel -> j
    android.graphics.Bitmap getTest() -> a
    void setTest(android.graphics.Bitmap) -> a
    java.util.Map getErrorMap() -> b
    void onCreate() -> onCreate
    void onTerminate() -> onTerminate
    void onLowMemory() -> onLowMemory
    android.content.Context Ct() -> c
    java.lang.String uniqueId() -> d
    com.hiwifi.support.http.SyncHttpClient sharedSyncClient() -> e
    java.lang.Boolean cmccHasLeftTime() -> f
    int getAppVersionCode() -> g
    java.lang.String getAppVersionName() -> h
    java.lang.String getChannel() -> i
    java.lang.String getMetaDataValue(java.lang.String) -> a
    android.content.Context access$0() -> j
com.hiwifi.hiwifi.Gl$1 -> com.hiwifi.hiwifi.a:
    com.hiwifi.hiwifi.Gl this$0 -> a
    void onActivityStopped(android.app.Activity) -> onActivityStopped
    void onActivityStarted(android.app.Activity) -> onActivityStarted
    void onActivitySaveInstanceState(android.app.Activity,android.os.Bundle) -> onActivitySaveInstanceState
    void onActivityResumed(android.app.Activity) -> onActivityResumed
    void onActivityPaused(android.app.Activity) -> onActivityPaused
    void onActivityDestroyed(android.app.Activity) -> onActivityDestroyed
    void onActivityCreated(android.app.Activity,android.os.Bundle) -> onActivityCreated
com.hiwifi.hiwifi.Gl$GlConf -> com.hiwifi.hiwifi.b:
    android.content.SharedPreferences spPreferences -> a
    android.content.SharedPreferences sp() -> i
    void setSpeedTestTimeout(int) -> a
    void setSpeedTestUrls(java.util.ArrayList) -> a
    void setRadarSound(boolean) -> a
    int setMacCount(int) -> b
    void setJoinedPeoples(java.lang.String) -> a
    java.lang.Boolean isShowPassword() -> a
    void setShowPassword(java.lang.Boolean) -> a
    long getPingTimeout() -> b
    void setIsForceUpgrade(java.lang.Boolean) -> b
    int getLeftTime() -> c
    void setLeftTime(int) -> c
    java.lang.Boolean cmccIsVip() -> d
    java.lang.String getMadAddress() -> e
    java.lang.String getDeviceImei() -> f
    java.lang.String getPingUrl() -> g
    java.lang.String getPingExpectContent() -> h
    void setPingUrl(java.lang.String,java.lang.String) -> a
com.hiwifi.hiwifi.Gl$TaskRecord -> com.hiwifi.hiwifi.c:
    android.content.SharedPreferences SP_PREFERENCES -> a
    java.lang.Boolean isTaskExcutedToday(java.lang.Class) -> a
    void setTaskExcutedToday(java.lang.Class,java.lang.Boolean) -> a
    java.lang.String keyOfTask(java.lang.Class) -> b
com.hiwifi.hiwifi.R -> com.hiwifi.hiwifi.R:
...
u.aly.ab -> a.a.c:
    u.aly.aa a(java.lang.String,java.lang.String,java.util.Map) -> a
    java.lang.String b$4768763c(java.lang.String,java.lang.String) -> a
    void a(u.aly.bf,java.lang.String) -> a
u.aly.ac -> a.a.d:
    u.aly.ac a$8bee177() -> a
    java.lang.String a(java.lang.Throwable) -> a
    void a(u.aly.bf,java.lang.String) -> a
u.aly.ad -> a.a.e:
    void a(u.aly.bf,java.lang.String) -> a
u.aly.ae -> a.a.f:
u.aly.af -> a.a.g:
    void a(u.aly.bf,java.lang.String) -> a
u.aly.ag -> a.a.h:
    u.aly.ag a -> a
    u.aly.ag b -> b
    u.aly.ag c -> c
    u.aly.ag d -> d
    int e -> e
    u.aly.ag[] f -> f
    int a() -> a
    u.aly.ag a(int) -> a
    u.aly.ag[] values() -> values
    u.aly.ag valueOf(java.lang.String) -> valueOf
u.aly.ah -> a.a.i:
    u.aly.dd c -> c
    u.aly.ct d -> d
    java.util.Map e -> e
    long a -> a
    byte g -> f
    java.util.Map b -> b
    boolean e() -> a
    void a$1385ff() -> b
    void a(u.aly.cy) -> a
    void b(u.aly.cy) -> b
    java.lang.String toString() -> toString
    void f() -> c
    u.aly.dd h() -> d
    u.aly.ct i() -> e
u.aly.ah$a -> a.a.j:
    void a(u.aly.cy,u.aly.bz) -> a
    void b(u.aly.cy,u.aly.bz) -> b
u.aly.ah$b -> a.a.k:
    u.aly.dg b() -> a
u.aly.ah$c -> a.a.l:
    void a(u.aly.cy,u.aly.bz) -> a
    void b(u.aly.cy,u.aly.bz) -> b
u.aly.ah$d -> a.a.m:
    u.aly.dg b() -> a
u.aly.ah$e -> a.a.n:
    u.aly.ah$e a -> a
    java.util.Map b -> b
    short c -> c
    java.lang.String d -> d
    u.aly.ah$e[] e -> e
    short a() -> a
    u.aly.ah$e[] values() -> values
    u.aly.ah$e valueOf(java.lang.String) -> valueOf
u.aly.ai -> a.a.o:
    u.aly.dd l -> l
    u.aly.ct m -> m
    u.aly.ct n -> n
    u.aly.ct o -> o
    u.aly.ct p -> p
    u.aly.ct q -> q
    u.aly.ct r -> r
    u.aly.ct s -> s
    u.aly.ct t -> t
    u.aly.ct u -> u
    u.aly.ct v -> v
    java.util.Map w -> w
    java.lang.String a -> a
    java.lang.String b -> b
    int c -> c
    java.lang.String d -> d
    u.aly.bc e -> e
    java.lang.String f -> f
    java.lang.String g -> g
    java.lang.String h -> h
    java.lang.String i -> i
    int j -> j
    byte z -> x
    u.aly.ai$e[] A -> y
    java.util.Map k -> k
    u.aly.ai a(java.lang.String) -> a
    void a$1385ff() -> a
    u.aly.ai b(java.lang.String) -> b
    boolean i() -> b
    void b$1385ff() -> c
    u.aly.ai a(int) -> a
    boolean l() -> d
    void c$1385ff() -> e
    u.aly.ai c(java.lang.String) -> c
    boolean o() -> f
    void d$1385ff() -> g
    u.aly.ai a(u.aly.bc) -> a
    void e$1385ff() -> h
    u.aly.ai d(java.lang.String) -> d
    void f$1385ff() -> i
    u.aly.ai e(java.lang.String) -> e
    void g$1385ff() -> j
    u.aly.ai f(java.lang.String) -> f
    boolean A() -> k
    void h$1385ff() -> l
    u.aly.ai g(java.lang.String) -> g
    boolean D() -> m
    void i$1385ff() -> n
    u.aly.ai c(int) -> b
    boolean G() -> o
    void j$1385ff() -> p
    void a(u.aly.cy) -> a
    void b(u.aly.cy) -> b
    java.lang.String toString() -> toString
    void H() -> q
    u.aly.dd I() -> r
    u.aly.ct J() -> s
    u.aly.ct K() -> t
    u.aly.ct L() -> u
u.aly.ai$a -> a.a.p:
    void a(u.aly.cy,u.aly.bz) -> a
    void b(u.aly.cy,u.aly.bz) -> b
u.aly.ai$b -> a.a.q:
    u.aly.dg b() -> a
u.aly.ai$c -> a.a.r:
    void a(u.aly.cy,u.aly.bz) -> a
    void b(u.aly.cy,u.aly.bz) -> b
u.aly.ai$d -> a.a.s:
    u.aly.dg b() -> a
u.aly.ai$e -> a.a.t:
    u.aly.ai$e a -> a
    u.aly.ai$e b -> b
    u.aly.ai$e c -> c
    u.aly.ai$e d -> d
    u.aly.ai$e e -> e
    u.aly.ai$e f -> f
    u.aly.ai$e g -> g
    u.aly.ai$e h -> h
    u.aly.ai$e i -> i
    u.aly.ai$e j -> j
    java.util.Map k -> k
    short l -> l
    java.lang.String m -> m
    u.aly.ai$e[] n -> n
    short a() -> a
    u.aly.ai$e[] values() -> values
    u.aly.ai$e valueOf(java.lang.String) -> valueOf