proguard/usage.txt
com.hiwifi.hiwifi.BuildConfig
com.hiwifi.hiwifi.Gl:
    private static final java.lang.String TAG
    234:234:public static final android.net.wifi.WifiManager wifiManager()
    238:238:public static final android.net.ConnectivityManager connectivityManager()
    593:601:public static com.hiwifi.support.http.AsyncHttpClient sharedAsyncClient()
com.hiwifi.hiwifi.Gl$ApConf
com.hiwifi.hiwifi.Gl$GlConf:
    private static final java.lang.String CONFNAME_STRING
    private static final java.lang.String CONF_KEY_SHOW_PASSWORD
    private static final java.lang.String CONF_KEY_REMEMBER_PASSWORD
    private static final java.lang.String mac_count
    private static final java.lang.String AP_KEY_forceUpGrade
    private static final java.lang.String AP_KEY_cmccIsVip
    private static final java.lang.String AP_KEY_leftTime
    private static final java.lang.String AP_KEY_joinedPeoples
    private static final java.lang.String AP_KEY_macAddress
    private static final java.lang.String AP_KEY_IMEI
    private static final java.lang.String COMMITTED_TIME
    private static final java.lang.String AUTO_SHARE_PASS
    private static final java.lang.String RECONMEND_APPS
    private static final java.lang.String HIWIFIAD
    private static final java.lang.String HIWIFIADURL
    private static final java.lang.String RADAR_SOUND
    private static final java.lang.String SPEED_TEST_URLS
    private static final java.lang.String SPEED_TEST_TIMEOUT
    private static final java.lang.String AP_KEY_PING_URL
    private static final java.lang.String AP_KEY_PING_EXPECTCONTENT
    public static final java.lang.String DEFAULT_PING_URL
    public static final java.lang.String DEFAULT_PING_EXPECTCONTENT
    288:288:public Gl$GlConf()
    324:324:public static int getSpeedTestTimeout()
    357:361:public static java.lang.String[] getSpeedTestUrls()
com.hiwifi.hiwifi.Gl$TaskRecord:
    private static final java.lang.String CONFNAME_STRING
    259:259:public Gl$TaskRecord()
com.hiwifi.hiwifi.Manifest
com.hiwifi.hiwifi.Manifest$permission
com.hiwifi.hiwifi.R:
    10:10:public R()
...
com.hiwifi.app.utils.RegUtil:
    12:12:public RegUtil()
    17:21:public static boolean checkMail(java.lang.String)
    82:87:public static boolean isContainsChinese(java.lang.String)
    91:100:public static java.lang.String ToDBC(java.lang.String)
    106:127:public static java.lang.String secont2Time(int)
    132:133:public static boolean isEmail(java.lang.String)
    138:144:public static java.lang.String formateTimeToSecond(int)
    149:159:public static java.lang.String formateTimeToMinute(int)
com.hiwifi.app.utils.ToastUtil:
    public static final int EMPTY
    public static final int ONLYTEXT
    public static final int SUCCESS
    public static final int ERROR
    public static final int WARN
    public static long lastTime
    33:34:public ToastUtil(android.content.Context)
    83:84:public static void showMessage(android.content.Context,int)
    114:130:public static void showMessage(android.content.Context,int,int)
    135:149:public static boolean isToastShowing()
com.hiwifi.app.utils.ToastUtil$2
com.hiwifi.app.utils.ToastUtil$3
com.hiwifi.app.views.BindRouterView:
    26:27:public void setAddButton(boolean)
    30:33:public BindRouterView(android.content.Context)
    68:69:public void setRouterName(java.lang.String)
    72:73:public void setRouterNameBg(int)
    76:85:public void setRouterStatus(boolean)
    88:95:public void setRouterIcon(int)
    99:118:public void setViewStatus(int)
com.hiwifi.app.views.BlacklistApp
com.hiwifi.app.views.CircleDrawable:
    public static final java.lang.String TAG
    public static final int DEFAULT_BORDER_COLOR
    322:322:public float getCornerRadius()
    331:331:public float getBorderWidth()
    341:341:public int getBorderColor()
    345:345:public com.hiwifi.app.views.CircleDrawable setBorderColor(int)
    349:349:public android.content.res.ColorStateList getBorderColors()
    360:360:public boolean isOval()
    369:369:public android.widget.ImageView$ScaleType getScaleType()
    384:384:public android.graphics.Bitmap toBitmap()
com.hiwifi.app.views.CircleImageView:
    public static final java.lang.String TAG
    public static final int DEFAULT_RADIUS
    public static final int DEFAULT_BORDER_WIDTH
    161:161:public int getCornerRadius()
    165:172:public void setCornerRadius(int)
    175:175:public int getBorderWidth()
    179:187:public void setBorderWidth(int)
    190:190:public int getBorderColor()
    194:195:public void setBorderColor(int)
    198:198:public android.content.res.ColorStateList getBorderColors()
    202:213:public void setBorderColors(android.content.res.ColorStateList)
    216:216:public boolean isOval()
    220:224:public void setOval(boolean)
    227:227:public boolean isRoundBackground()
    231:238:public void setRoundBackground(boolean)
com.hiwifi.app.views.CustomDialog:
    public static final int OKANDCANCLE
    public static final int OK
    50:60:public CustomDialog(android.content.Context,android.view.View)
    69:73:public void setMsg(int)
com.hiwifi.app.views.CustomDialog$AlertParams:
    private android.content.DialogInterface mDialogInterface
    195:195:static synthetic void access$0(com.hiwifi.app.views.CustomDialog$AlertParams,java.lang.CharSequence)
    201:201:static synthetic void access$7(com.hiwifi.app.views.CustomDialog$AlertParams,java.lang.CharSequence)
    202:202:static synthetic void access$8(com.hiwifi.app.views.CustomDialog$AlertParams,android.content.DialogInterface$OnClickListener)
    198:198:static synthetic void access$9(com.hiwifi.app.views.CustomDialog$AlertParams,boolean)
    199:199:static synthetic void access$10(com.hiwifi.app.views.CustomDialog$AlertParams,boolean)
    204:204:static synthetic void access$11(com.hiwifi.app.views.CustomDialog$AlertParams,android.content.DialogInterface$OnCancelListener)
    205:205:static synthetic void access$12(com.hiwifi.app.views.CustomDialog$AlertParams,android.view.View)